-------------------------------------------------------------------------------
Test set: com.pgr301.exam.BanckAccountApplicationTest
-------------------------------------------------------------------------------
Tests run: 1, Failures: 1, Errors: 0, Skipped: 0, Time elapsed: 0.03 s <<< FAILURE! - in com.pgr301.exam.BanckAccountApplicationTest
failedTest  Time elapsed: 0.026 s  <<< FAILURE!
org.opentest4j.AssertionFailedError: 
	at com.pgr301.exam.BanckAccountApplicationTest.failedTest(BanckAccountApplicationTest.java:11)

